<?xml version="1.0" encoding="UTF-8"?>
<!-- Generated by org.testng.reporters.JUnitReportReporter -->
<testsuite hostname="DESKTOP-AHMVJTM" failures="0" tests="1" name="com.thetestingacademy.ATB6xWebAutomationFramework.TestVWOLogin" time="37.640" errors="0" timestamp="2025-02-20T17:20:54 IST" skipped="0">
  <testcase classname="com.thetestingacademy.ATB6xWebAutomationFramework.TestVWOLogin" name="testLoginNegativeVWO" time="37.640"/>
</testsuite> <!-- com.thetestingacademy.ATB6xWebAutomationFramework.TestVWOLogin -->
