<?xml version="1.0" encoding="UTF-8"?>
<!-- Generated by org.testng.reporters.JUnitReportReporter -->
<testsuite hostname="DESKTOP-AHMVJTM" failures="0" tests="2" name="com.thetestingacademy.ATB6xWebAutomationFramework.TestVWOLogin_POM" time="145.252" errors="0" timestamp="2025-02-20T17:26:19 IST" skipped="0">
  <testcase classname="com.thetestingacademy.ATB6xWebAutomationFramework.TestVWOLogin_POM" name="testLoginNegativeVWO" time="71.651"/>
  <testcase classname="com.thetestingacademy.ATB6xWebAutomationFramework.TestVWOLogin_POM" name="testLoginNegativeVWO2" time="73.601"/>
</testsuite> <!-- com.thetestingacademy.ATB6xWebAutomationFramework.TestVWOLogin_POM -->
